TN:
SF:src\hooks\index.ts
FNF:0
FNH:0
DA:1,1
DA:2,1
DA:3,1
DA:4,1
DA:5,1
DA:6,1
DA:7,1
DA:8,1
DA:9,1
DA:10,1
LF:10
LH:10
BRF:0
BRH:0
end_of_record
TN:
SF:src\hooks\use-alt-keydown.ts
FN:6,useAltKeyDown
FN:9,on
FN:11,subscriber
FN:22,clear
FNF:4
FNH:3
FNDA:3,useAltKeyDown
FNDA:1,on
FNDA:4,subscriber
FNDA:0,clear
DA:1,1
DA:2,1
DA:3,1
DA:4,1
DA:5,1
DA:6,1
DA:7,3
DA:8,3
DA:9,3
DA:10,1
DA:11,1
DA:12,4
DA:13,1
DA:14,1
DA:15,1
DA:16,1
DA:17,4
DA:18,1
DA:19,1
DA:20,1
DA:21,1
DA:22,3
DA:23,0
DA:24,0
DA:25,0
DA:26,0
DA:27,3
DA:28,3
LF:28
LH:24
BRDA:6,0,0,3
BRDA:9,1,0,1
BRDA:10,2,0,1
BRDA:11,3,0,4
BRDA:12,4,0,1
BRF:5
BRH:5
end_of_record
TN:
SF:src\hooks\use-async-effect.ts
FN:3,useAsyncEffect
FNF:1
FNH:0
FNDA:0,useAsyncEffect
DA:1,1
DA:2,1
DA:3,1
DA:4,0
DA:5,0
DA:6,0
DA:7,0
DA:8,0
DA:9,0
DA:10,0
LF:10
LH:3
BRF:0
BRH:0
end_of_record
TN:
SF:src\hooks\use-boolean-state.ts
FN:3,useBooleanState
FNF:1
FNH:0
FNDA:0,useBooleanState
DA:1,1
DA:2,1
DA:3,1
DA:4,0
DA:5,0
DA:6,0
DA:7,0
DA:8,0
DA:9,0
DA:10,0
DA:11,0
DA:12,0
DA:13,0
DA:14,0
DA:15,0
DA:16,0
LF:16
LH:3
BRF:0
BRH:0
end_of_record
TN:
SF:src\hooks\use-debounce.ts
FN:5,useDebounce
FNF:1
FNH:0
FNDA:0,useDebounce
DA:1,1
DA:2,1
DA:3,1
DA:4,1
DA:5,1
DA:6,0
DA:7,0
DA:8,0
DA:9,0
DA:10,0
DA:11,0
DA:12,0
DA:13,0
DA:14,0
DA:15,0
DA:16,0
DA:17,0
DA:18,0
DA:19,0
LF:19
LH:5
BRF:0
BRH:0
end_of_record
TN:
SF:src\hooks\use-filtered-effect.ts
FN:7,useFilteredEffect
FNF:1
FNH:0
FNDA:0,useFilteredEffect
DA:1,1
DA:2,1
DA:3,1
DA:4,1
DA:5,1
DA:6,1
DA:7,1
DA:8,0
DA:9,0
DA:10,0
DA:11,0
DA:12,0
DA:13,0
DA:14,0
DA:15,0
DA:16,0
DA:17,0
DA:18,0
DA:19,0
LF:19
LH:7
BRF:0
BRH:0
end_of_record
TN:
SF:src\hooks\use-full-screen.ts
FN:1,useFullScreen
FNF:1
FNH:0
FNDA:0,useFullScreen
DA:1,1
DA:2,0
DA:3,0
DA:4,0
DA:5,0
DA:6,0
DA:7,0
DA:8,0
DA:9,0
DA:10,0
LF:10
LH:1
BRF:0
BRH:0
end_of_record
TN:
SF:src\hooks\use-interval.ts
FN:3,useInterval
FNF:1
FNH:0
FNDA:0,useInterval
DA:1,1
DA:2,1
DA:3,1
DA:4,0
DA:5,0
DA:6,0
DA:7,0
DA:8,0
DA:9,0
DA:10,0
LF:10
LH:3
BRF:0
BRH:0
end_of_record
TN:
SF:src\hooks\use-local-storage.ts
FN:3,useLocalStorage
FNF:1
FNH:0
FNDA:0,useLocalStorage
DA:1,1
DA:2,1
DA:3,1
DA:4,0
DA:5,0
DA:6,0
DA:7,0
DA:8,0
DA:9,0
DA:10,0
DA:11,0
DA:12,0
DA:13,0
DA:14,0
DA:15,0
DA:16,0
LF:16
LH:3
BRF:0
BRH:0
end_of_record
TN:
SF:src\hooks\use-overflow.ts
FN:3,useOverflow
FNF:1
FNH:0
FNDA:0,useOverflow
DA:1,1
DA:2,1
DA:3,1
DA:4,0
DA:5,0
DA:6,0
DA:7,0
DA:8,0
DA:9,0
DA:10,0
LF:10
LH:3
BRF:0
BRH:0
end_of_record
TN:
SF:src\hooks\use-throttle.ts
FN:3,useThrottle
FNF:1
FNH:0
FNDA:0,useThrottle
DA:1,1
DA:2,1
DA:3,1
DA:4,0
DA:5,0
DA:6,0
DA:7,0
DA:8,0
DA:9,0
DA:10,0
DA:11,0
DA:12,0
DA:13,0
DA:14,0
DA:15,0
DA:16,0
LF:16
LH:3
BRF:0
BRH:0
end_of_record
TN:
SF:src\tests\helpers.ts
FN:3,checkHook
FNF:1
FNH:1
FNDA:1,checkHook
DA:1,1
DA:2,1
DA:3,1
DA:4,1
DA:5,1
DA:6,1
DA:7,1
DA:8,1
DA:9,1
LF:9
LH:9
BRDA:3,0,0,1
BRF:1
BRH:1
end_of_record
